<?xml version="1.0" encoding="UTF-8"?>
<!-- Generated by org.testng.reporters.JUnitReportReporter -->
<testsuite skipped="0" hostname="MTYTM18201HZD" name="testing.disney.Examples" tests="2" failures="0" timestamp="10 Jul 2018 00:16:30 GMT" time="16.478" errors="0">
  <testcase name="test29" time="8.900" classname="testing.disney.Examples"/>
  <testcase name="test30" time="7.578" classname="testing.disney.Examples"/>
</testsuite> <!-- testing.disney.Examples -->
